<?xml version="1.0" encoding="UTF-8"?>
<!-- Generated by org.testng.reporters.JUnitXMLReporter -->
<testsuite hostname="LAPTOP-05UNCNK7" ignored="0" name="Test" tests="4" failures="0" timestamp="18 Sep 2018 15:41:37 GMT" time="0.043" errors="0">
  <testcase name="BrowserAutomation" time="0.009" classname="qaclickacademy.SeleniumTest"/>
  <testcase name="elementsUi" time="0.0" classname="qaclickacademy.SeleniumTest"/>
  <testcase name="deletetwitter" time="0.001" classname="qaclickacademy.RESTAPITest"/>
  <testcase name="postjira" time="0.0" classname="qaclickacademy.RESTAPITest"/>
</testsuite> <!-- Test -->
