<?xml version="1.0" encoding="UTF-8"?>
<testng-results skipped="0" failed="0" ignored="0" total="4" passed="4">
  <reporter-output>
  </reporter-output>
  <suite name="Suite" duration-ms="43" started-at="2018-09-18T15:41:37Z" finished-at="2018-09-18T15:41:37Z">
    <groups>
    </groups>
    <test name="Test" duration-ms="43" started-at="2018-09-18T15:41:37Z" finished-at="2018-09-18T15:41:37Z">
      <class name="qaclickacademy.RESTAPITest">
        <test-method status="PASS" signature="deletetwitter()[pri:0, instance:qaclickacademy.RESTAPITest@3a03464]" name="deletetwitter" duration-ms="1" started-at="2018-09-18T15:41:37Z" finished-at="2018-09-18T15:41:37Z">
          <reporter-output>
          </reporter-output>
        </test-method> <!-- deletetwitter -->
        <test-method status="PASS" signature="postjira()[pri:0, instance:qaclickacademy.RESTAPITest@3a03464]" name="postjira" duration-ms="0" started-at="2018-09-18T15:41:37Z" finished-at="2018-09-18T15:41:37Z">
          <reporter-output>
          </reporter-output>
        </test-method> <!-- postjira -->
      </class> <!-- qaclickacademy.RESTAPITest -->
      <class name="qaclickacademy.SeleniumTest">
        <test-method status="PASS" signature="BrowserAutomation()[pri:0, instance:qaclickacademy.SeleniumTest@4909b8da]" name="BrowserAutomation" duration-ms="9" started-at="2018-09-18T15:41:37Z" finished-at="2018-09-18T15:41:37Z">
          <reporter-output>
          </reporter-output>
        </test-method> <!-- BrowserAutomation -->
        <test-method status="PASS" signature="elementsUi()[pri:0, instance:qaclickacademy.SeleniumTest@4909b8da]" name="elementsUi" duration-ms="0" started-at="2018-09-18T15:41:37Z" finished-at="2018-09-18T15:41:37Z">
          <reporter-output>
          </reporter-output>
        </test-method> <!-- elementsUi -->
      </class> <!-- qaclickacademy.SeleniumTest -->
    </test> <!-- Test -->
  </suite> <!-- Suite -->
</testng-results>
